0 info it worked if it ends with ok
1 verbose cli [ 'C:\\Program Files\\nodejs\\node.exe',
1 verbose cli   'C:\\Program Files\\nodejs\\node_modules\\npm\\bin\\npm-cli.js',
1 verbose cli   'run',
1 verbose cli   'build' ]
2 info using npm@3.9.5
3 info using node@v6.2.2
4 verbose run-script [ 'prebuild', 'build', 'postbuild' ]
5 info lifecycle vrview@2.0.1~prebuild: vrview@2.0.1
6 silly lifecycle vrview@2.0.1~prebuild: no script for prebuild, continuing
7 info lifecycle vrview@2.0.1~build: vrview@2.0.1
8 verbose lifecycle vrview@2.0.1~build: unsafe-perm in lifecycle true
9 verbose lifecycle vrview@2.0.1~build: PATH: C:\Program Files\nodejs\node_modules\npm\bin\node-gyp-bin;C:\code\vrview\node_modules\.bin;C:\Program Files\nodejs;C:\ProgramData\Oracle\Java\javapath;C:\Program Files (x86)\Intel\iCLS Client\;C:\Program Files\Intel\iCLS Client\;C:\WINDOWS\system32;C:\WINDOWS;C:\WINDOWS\System32\Wbem;C:\WINDOWS\System32\WindowsPowerShell\v1.0\;C:\Program Files (x86)\Intel\Intel(R) Management Engine Components\DAL;C:\Program Files\Intel\Intel(R) Management Engine Components\DAL;C:\Program Files (x86)\Intel\Intel(R) Management Engine Components\IPT;C:\Program Files\Intel\Intel(R) Management Engine Components\IPT;C:\Program Files (x86)\NVIDIA Corporation\PhysX\Common;C:\Program Files\nodejs\;C:\Program Files\Git\cmd;C:\Python27;C:\Program Files\Microsoft SQL Server\130\Tools\Binn\;C:\Program Files (x86)\Windows Kits\10\Windows Performance Toolkit\;C:\code\chromium-tools;C:\ProgramData\chocolatey\bin;C:\phantomjs-2.1.1-windows\bin;C:\Users\shaoboya\AppData\Local\Android\sdk\platform-tools;C:\Program Files (x86)\CMake\bin;C:\Users\shaoboya\AppData\Roaming\npm;C:\Users\shaoboya\AppData\Local\atom\bin;C:\Users\shaoboya\AppData\Roaming\Boxstarter
10 verbose lifecycle vrview@2.0.1~build: CWD: C:\code\vrview
11 silly lifecycle vrview@2.0.1~build: Args: [ '/d /s /c',
11 silly lifecycle   'browserify src/embed/with-analytics.js | derequire | uglifyjs -c > build/embed.min.js && npm run build-three-closure' ]
12 silly lifecycle vrview@2.0.1~build: Returned: code: 255  signal: null
13 info lifecycle vrview@2.0.1~build: Failed to exec build script
14 verbose stack Error: vrview@2.0.1 build: `browserify src/embed/with-analytics.js | derequire | uglifyjs -c > build/embed.min.js && npm run build-three-closure`
14 verbose stack Exit status 255
14 verbose stack     at EventEmitter.<anonymous> (C:\Program Files\nodejs\node_modules\npm\lib\utils\lifecycle.js:245:16)
14 verbose stack     at emitTwo (events.js:106:13)
14 verbose stack     at EventEmitter.emit (events.js:191:7)
14 verbose stack     at ChildProcess.<anonymous> (C:\Program Files\nodejs\node_modules\npm\lib\utils\spawn.js:24:14)
14 verbose stack     at emitTwo (events.js:106:13)
14 verbose stack     at ChildProcess.emit (events.js:191:7)
14 verbose stack     at maybeClose (internal/child_process.js:852:16)
14 verbose stack     at Process.ChildProcess._handle.onexit (internal/child_process.js:215:5)
15 verbose pkgid vrview@2.0.1
16 verbose cwd C:\code\vrview\build
17 error Windows_NT 10.0.10240
18 error argv "C:\\Program Files\\nodejs\\node.exe" "C:\\Program Files\\nodejs\\node_modules\\npm\\bin\\npm-cli.js" "run" "build"
19 error node v6.2.2
20 error npm  v3.9.5
21 error code ELIFECYCLE
22 error vrview@2.0.1 build: `browserify src/embed/with-analytics.js | derequire | uglifyjs -c > build/embed.min.js && npm run build-three-closure`
22 error Exit status 255
23 error Failed at the vrview@2.0.1 build script 'browserify src/embed/with-analytics.js | derequire | uglifyjs -c > build/embed.min.js && npm run build-three-closure'.
23 error Make sure you have the latest version of node.js and npm installed.
23 error If you do, this is most likely a problem with the vrview package,
23 error not with npm itself.
23 error Tell the author that this fails on your system:
23 error     browserify src/embed/with-analytics.js | derequire | uglifyjs -c > build/embed.min.js && npm run build-three-closure
23 error You can get information on how to open an issue for this project with:
23 error     npm bugs vrview
23 error Or if that isn't available, you can get their info via:
23 error     npm owner ls vrview
23 error There is likely additional logging output above.
24 verbose exit [ 1, true ]
